Drill report for ESP32.kicad_pcb
Created on 2026-04-14T08:11:06

Copper Layer Stackup:
    =============================================================
    L1 :  F.Cu                      front
    L2 :  In1.Cu                    in1
    L3 :  In2.Cu                    in2
    L4 :  B.Cu                      back


Drill file 'ESP32-PTH-drl.gbr' contains
    plated through holes:
    =============================================================
    T1  0.200mm  0.0079"  (12 holes))
    T2  0.300mm  0.0118"  (30 holes))
    T3  0.600mm  0.0236"  (4 holes)  (with 4 slots)
    T4  1.000mm  0.0394"  (16 holes))

    Total plated holes count 62


Drill file 'ESP32-NPTH-drl.gbr' contains
    unplated through holes:
    =============================================================
    T1  0.650mm  0.0256"  (2 holes))

    Total unplated holes count 2
