## Footprint report - date 2026-04-14T08:11:43
## Printed by KiCad version 10.0.0
## Unit = mm, Angle = deg.

$BeginDESCRIPTION

$BOARD
upper_left_corner 102.743000 77.675000
$EndBOARD

$MODULE C1
reference C1
value 4u7
footprint Capacitor_SMD:C_0805_2012Metric
attribut smd
position 123.256000 117.061625  orientation 180.00
layer front
$PAD "1"
Shape Roundrect Layer front
position -0.950000  0.000000 size  1.000000  1.450000 orientation 180.00
drill  0.000000
shape_offset  0.000000  0.000000
$EndPAD
$PAD "2"
Shape Roundrect Layer front
position  0.950000  0.000000 size  1.000000  1.450000 orientation 180.00
drill  0.000000
shape_offset  0.000000  0.000000
$EndPAD
$EndMODULE C1

$MODULE C2
reference C2
value 4u7
footprint Capacitor_SMD:C_0805_2012Metric
attribut smd
position 121.588375 114.461625  orientation 0.00
layer front
$PAD "1"
Shape Roundrect Layer front
position -0.950000  0.000000 size  1.000000  1.450000 orientation 0.00
drill  0.000000
shape_offset  0.000000  0.000000
$EndPAD
$PAD "2"
Shape Roundrect Layer front
position  0.950000  0.000000 size  1.000000  1.450000 orientation 0.00
drill  0.000000
shape_offset  0.000000  0.000000
$EndPAD
$EndMODULE C2

$MODULE C3
reference C3
value 4u7
footprint Capacitor_SMD:C_0805_2012Metric
attribut smd
position 121.300000 111.350000  orientation 90.00
layer front
$PAD "1"
Shape Roundrect Layer front
position -0.950000  0.000000 size  1.000000  1.450000 orientation 90.00
drill  0.000000
shape_offset  0.000000  0.000000
$EndPAD
$PAD "2"
Shape Roundrect Layer front
position  0.950000  0.000000 size  1.000000  1.450000 orientation 90.00
drill  0.000000
shape_offset  0.000000  0.000000
$EndPAD
$EndMODULE C3

$MODULE C4
reference C4
value 4u7
footprint Capacitor_SMD:C_0805_2012Metric
attribut smd
position 117.938375 114.361625  orientation 0.00
layer front
$PAD "1"
Shape Roundrect Layer front
position -0.950000  0.000000 size  1.000000  1.450000 orientation 0.00
drill  0.000000
shape_offset  0.000000  0.000000
$EndPAD
$PAD "2"
Shape Roundrect Layer front
position  0.950000  0.000000 size  1.000000  1.450000 orientation 0.00
drill  0.000000
shape_offset  0.000000  0.000000
$EndPAD
$EndMODULE C4

$MODULE C5
reference C5
value 4u7
footprint Capacitor_SMD:C_0805_2012Metric
attribut smd
position 113.000000 91.050000  orientation -90.00
layer front
$PAD "1"
Shape Roundrect Layer front
position -0.950000  0.000000 size  1.000000  1.450000 orientation 270.00
drill  0.000000
shape_offset  0.000000  0.000000
$EndPAD
$PAD "2"
Shape Roundrect Layer front
position  0.950000  0.000000 size  1.000000  1.450000 orientation 270.00
drill  0.000000
shape_offset  0.000000  0.000000
$EndPAD
$EndMODULE C5

$MODULE C6
reference C6
value 100n
footprint Capacitor_SMD:C_0402_1005Metric
attribut smd
position 114.800000 90.400000  orientation -90.00
layer front
$PAD "1"
Shape Roundrect Layer front
position -0.480000  0.000000 size  0.560000  0.620000 orientation 270.00
drill  0.000000
shape_offset  0.000000  0.000000
$EndPAD
$PAD "2"
Shape Roundrect Layer front
position  0.480000  0.000000 size  0.560000  0.620000 orientation 270.00
drill  0.000000
shape_offset  0.000000  0.000000
$EndPAD
$EndMODULE C6

$MODULE C7
reference C7
value TBD
footprint Capacitor_SMD:C_0201_0603Metric
attribut smd
position 137.160000 91.658000  orientation 90.00
layer back
$PAD ""
Shape Roundrect Layer nocopper
position -0.345000  0.000000 size  0.318000  0.360000 orientation 90.00
drill  0.000000
shape_offset  0.000000  0.000000
$EndPAD
$PAD ""
Shape Roundrect Layer nocopper
position  0.345000  0.000000 size  0.318000  0.360000 orientation 90.00
drill  0.000000
shape_offset  0.000000  0.000000
$EndPAD
$PAD "1"
Shape Roundrect Layer back
position -0.320000  0.000000 size  0.460000  0.400000 orientation 90.00
drill  0.000000
shape_offset  0.000000  0.000000
$EndPAD
$PAD "2"
Shape Roundrect Layer back
position  0.320000  0.000000 size  0.460000  0.400000 orientation 90.00
drill  0.000000
shape_offset  0.000000  0.000000
$EndPAD
$EndMODULE C7

$MODULE C8
reference C8
value TBD
footprint Capacitor_SMD:C_0201_0603Metric
attribut smd
position 137.250000 93.889000  orientation 90.00
layer back
$PAD ""
Shape Roundrect Layer nocopper
position -0.345000  0.000000 size  0.318000  0.360000 orientation 90.00
drill  0.000000
shape_offset  0.000000  0.000000
$EndPAD
$PAD ""
Shape Roundrect Layer nocopper
position  0.345000  0.000000 size  0.318000  0.360000 orientation 90.00
drill  0.000000
shape_offset  0.000000  0.000000
$EndPAD
$PAD "1"
Shape Roundrect Layer back
position -0.320000  0.000000 size  0.460000  0.400000 orientation 90.00
drill  0.000000
shape_offset  0.000000  0.000000
$EndPAD
$PAD "2"
Shape Roundrect Layer back
position  0.320000  0.000000 size  0.460000  0.400000 orientation 90.00
drill  0.000000
shape_offset  0.000000  0.000000
$EndPAD
$EndMODULE C8

$MODULE C9
reference C9
value 100n
footprint Capacitor_SMD:C_0402_1005Metric
attribut smd
position 117.790000 124.660000  orientation -90.00
layer front
$PAD "1"
Shape Roundrect Layer front
position -0.480000  0.000000 size  0.560000  0.620000 orientation 270.00
drill  0.000000
shape_offset  0.000000  0.000000
$EndPAD
$PAD "2"
Shape Roundrect Layer front
position  0.480000  0.000000 size  0.560000  0.620000 orientation 270.00
drill  0.000000
shape_offset  0.000000  0.000000
$EndPAD
$EndMODULE C9

$MODULE C10
reference C10
value 100n
footprint Capacitor_SMD:C_0402_1005Metric
attribut smd
position 140.130000 125.300000  orientation -90.00
layer front
$PAD "1"
Shape Roundrect Layer front
position -0.480000  0.000000 size  0.560000  0.620000 orientation 270.00
drill  0.000000
shape_offset  0.000000  0.000000
$EndPAD
$PAD "2"
Shape Roundrect Layer front
position  0.480000  0.000000 size  0.560000  0.620000 orientation 270.00
drill  0.000000
shape_offset  0.000000  0.000000
$EndPAD
$EndMODULE C10

$MODULE D1
reference D1
value PESD5V0L1ULD
footprint Diode_SMD:D_SOD-882D
attribut smd
position 123.688375 118.961625  orientation 180.00
layer front
$PAD ""
Shape Roundrect Layer nocopper
position -0.350000  0.000000 size  0.300000  0.600000 orientation 180.00
drill  0.000000
shape_offset  0.000000  0.000000
$EndPAD
$PAD ""
Shape Roundrect Layer nocopper
position  0.350000  0.000000 size  0.300000  0.600000 orientation 180.00
drill  0.000000
shape_offset  0.000000  0.000000
$EndPAD
$PAD "1"
Shape Roundrect Layer front
position -0.400000  0.000000 size  0.500000  0.700000 orientation 180.00
drill  0.000000
shape_offset  0.000000  0.000000
$EndPAD
$PAD "2"
Shape Roundrect Layer front
position  0.400000  0.000000 size  0.500000  0.700000 orientation 180.00
drill  0.000000
shape_offset  0.000000  0.000000
$EndPAD
$EndMODULE D1

$MODULE J1
reference J1
value USB_C_Receptacle_USB2.0_16P
footprint Connector_USB:USB_C_Receptacle_G-Switch_GT-USB-7010ASV
attribut smd
position 126.958375 124.886625  orientation 0.00
layer front
$PAD ""
Shape Circle Layer both
position -2.890000 -2.605000 size  0.650000  0.650000 orientation 0.00
drill  0.650000
shape_offset  0.000000  0.000000
$EndPAD
$PAD ""
Shape Circle Layer both
position  2.890000 -2.605000 size  0.650000  0.650000 orientation 0.00
drill  0.650000
shape_offset  0.000000  0.000000
$EndPAD
$PAD "A1"
Shape Roundrect Layer front
position -3.200000 -3.725000 size  0.600000  1.240000 orientation 0.00
drill  0.000000
shape_offset  0.000000  0.000000
$EndPAD
$PAD "A4"
Shape Roundrect Layer front
position -2.400000 -3.725000 size  0.600000  1.240000 orientation 0.00
drill  0.000000
shape_offset  0.000000  0.000000
$EndPAD
$PAD "A5"
Shape Roundrect Layer front
position -1.250000 -3.725000 size  0.300000  1.240000 orientation 0.00
drill  0.000000
shape_offset  0.000000  0.000000
$EndPAD
$PAD "A6"
Shape Roundrect Layer front
position -0.250000 -3.725000 size  0.300000  1.240000 orientation 0.00
drill  0.000000
shape_offset  0.000000  0.000000
$EndPAD
$PAD "A7"
Shape Roundrect Layer front
position  0.250000 -3.725000 size  0.300000  1.240000 orientation 0.00
drill  0.000000
shape_offset  0.000000  0.000000
$EndPAD
$PAD "A8"
Shape Roundrect Layer front
position  1.250000 -3.725000 size  0.300000  1.240000 orientation 0.00
drill  0.000000
shape_offset  0.000000  0.000000
$EndPAD
$PAD "A9"
Shape Roundrect Layer front
position  2.400000 -3.725000 size  0.600000  1.240000 orientation 0.00
drill  0.000000
shape_offset  0.000000  0.000000
$EndPAD
$PAD "A12"
Shape Roundrect Layer front
position  3.200000 -3.725000 size  0.600000  1.240000 orientation 0.00
drill  0.000000
shape_offset  0.000000  0.000000
$EndPAD
$PAD "B1"
Shape Roundrect Layer front
position  3.200000 -3.725000 size  0.600000  1.240000 orientation 0.00
drill  0.000000
shape_offset  0.000000  0.000000
$EndPAD
$PAD "B4"
Shape Roundrect Layer front
position  2.400000 -3.725000 size  0.600000  1.240000 orientation 0.00
drill  0.000000
shape_offset  0.000000  0.000000
$EndPAD
$PAD "B5"
Shape Roundrect Layer front
position  1.750000 -3.725000 size  0.300000  1.240000 orientation 0.00
drill  0.000000
shape_offset  0.000000  0.000000
$EndPAD
$PAD "B6"
Shape Roundrect Layer front
position  0.750000 -3.725000 size  0.300000  1.240000 orientation 0.00
drill  0.000000
shape_offset  0.000000  0.000000
$EndPAD
$PAD "B7"
Shape Roundrect Layer front
position -0.750000 -3.725000 size  0.300000  1.240000 orientation 0.00
drill  0.000000
shape_offset  0.000000  0.000000
$EndPAD
$PAD "B8"
Shape Roundrect Layer front
position -1.750000 -3.725000 size  0.300000  1.240000 orientation 0.00
drill  0.000000
shape_offset  0.000000  0.000000
$EndPAD
$PAD "B9"
Shape Roundrect Layer front
position -2.400000 -3.725000 size  0.600000  1.240000 orientation 0.00
drill  0.000000
shape_offset  0.000000  0.000000
$EndPAD
$PAD "B12"
Shape Roundrect Layer front
position -3.200000 -3.725000 size  0.600000  1.240000 orientation 0.00
drill  0.000000
shape_offset  0.000000  0.000000
$EndPAD
$PAD "SH"
Shape Oval Layer both
position -4.320000 -3.125000 size  1.000000  2.100000 orientation 0.00
drill  0.600000
shape_offset  0.000000  0.000000
$EndPAD
$PAD "SH"
Shape Oval Layer both
position -4.320000  1.075000 size  1.000000  1.800000 orientation 0.00
drill  0.600000
shape_offset  0.000000  0.000000
$EndPAD
$PAD "SH"
Shape Oval Layer both
position  4.320000 -3.125000 size  1.000000  2.100000 orientation 0.00
drill  0.600000
shape_offset  0.000000  0.000000
$EndPAD
$PAD "SH"
Shape Oval Layer both
position  4.320000  1.075000 size  1.000000  1.800000 orientation 0.00
drill  0.600000
shape_offset  0.000000  0.000000
$EndPAD
$EndMODULE J1

$MODULE J2
reference J2
value Conn_01x08_Pin
footprint Connector_PinHeader_2.54mm:PinHeader_1x08_P2.54mm_Vertical
attribut none
position 112.268000 99.441000  orientation 0.00
layer front
$PAD "1"
Shape Rect Layer both
position  0.000000  0.000000 size  1.700000  1.700000 orientation 0.00
drill  1.000000
shape_offset  0.000000  0.000000
$EndPAD
$PAD "2"
Shape Circle Layer both
position  0.000000  2.540000 size  1.700000  1.700000 orientation 0.00
drill  1.000000
shape_offset  0.000000  0.000000
$EndPAD
$PAD "3"
Shape Circle Layer both
position  0.000000  5.080000 size  1.700000  1.700000 orientation 0.00
drill  1.000000
shape_offset  0.000000  0.000000
$EndPAD
$PAD "4"
Shape Circle Layer both
position  0.000000  7.620000 size  1.700000  1.700000 orientation 0.00
drill  1.000000
shape_offset  0.000000  0.000000
$EndPAD
$PAD "5"
Shape Circle Layer both
position  0.000000 10.160000 size  1.700000  1.700000 orientation 0.00
drill  1.000000
shape_offset  0.000000  0.000000
$EndPAD
$PAD "6"
Shape Circle Layer both
position  0.000000 12.700000 size  1.700000  1.700000 orientation 0.00
drill  1.000000
shape_offset  0.000000  0.000000
$EndPAD
$PAD "7"
Shape Circle Layer both
position  0.000000 15.240000 size  1.700000  1.700000 orientation 0.00
drill  1.000000
shape_offset  0.000000  0.000000
$EndPAD
$PAD "8"
Shape Circle Layer both
position  0.000000 17.780000 size  1.700000  1.700000 orientation 0.00
drill  1.000000
shape_offset  0.000000  0.000000
$EndPAD
$EndMODULE J2

$MODULE J3
reference J3
value Conn_01x08_Pin
footprint Connector_PinHeader_2.54mm:PinHeader_1x08_P2.54mm_Vertical
attribut none
position 138.938000 98.933000  orientation 0.00
layer front
$PAD "1"
Shape Rect Layer both
position  0.000000  0.000000 size  1.700000  1.700000 orientation 0.00
drill  1.000000
shape_offset  0.000000  0.000000
$EndPAD
$PAD "2"
Shape Circle Layer both
position  0.000000  2.540000 size  1.700000  1.700000 orientation 0.00
drill  1.000000
shape_offset  0.000000  0.000000
$EndPAD
$PAD "3"
Shape Circle Layer both
position  0.000000  5.080000 size  1.700000  1.700000 orientation 0.00
drill  1.000000
shape_offset  0.000000  0.000000
$EndPAD
$PAD "4"
Shape Circle Layer both
position  0.000000  7.620000 size  1.700000  1.700000 orientation 0.00
drill  1.000000
shape_offset  0.000000  0.000000
$EndPAD
$PAD "5"
Shape Circle Layer both
position  0.000000 10.160000 size  1.700000  1.700000 orientation 0.00
drill  1.000000
shape_offset  0.000000  0.000000
$EndPAD
$PAD "6"
Shape Circle Layer both
position  0.000000 12.700000 size  1.700000  1.700000 orientation 0.00
drill  1.000000
shape_offset  0.000000  0.000000
$EndPAD
$PAD "7"
Shape Circle Layer both
position  0.000000 15.240000 size  1.700000  1.700000 orientation 0.00
drill  1.000000
shape_offset  0.000000  0.000000
$EndPAD
$PAD "8"
Shape Circle Layer both
position  0.000000 17.780000 size  1.700000  1.700000 orientation 0.00
drill  1.000000
shape_offset  0.000000  0.000000
$EndPAD
$EndMODULE J3

$MODULE R1
reference R1
value 5K
footprint Resistor_SMD:R_0402_1005Metric
attribut smd
position 131.588375 118.671625  orientation 90.00
layer front
$PAD "1"
Shape Roundrect Layer front
position -0.510000  0.000000 size  0.540000  0.640000 orientation 90.00
drill  0.000000
shape_offset  0.000000  0.000000
$EndPAD
$PAD "2"
Shape Roundrect Layer front
position  0.510000  0.000000 size  0.540000  0.640000 orientation 90.00
drill  0.000000
shape_offset  0.000000  0.000000
$EndPAD
$EndMODULE R1

$MODULE R2
reference R2
value 5K
footprint Resistor_SMD:R_0402_1005Metric
attribut smd
position 127.588375 118.561625  orientation 90.00
layer front
$PAD "1"
Shape Roundrect Layer front
position -0.510000  0.000000 size  0.540000  0.640000 orientation 90.00
drill  0.000000
shape_offset  0.000000  0.000000
$EndPAD
$PAD "2"
Shape Roundrect Layer front
position  0.510000  0.000000 size  0.540000  0.640000 orientation 90.00
drill  0.000000
shape_offset  0.000000  0.000000
$EndPAD
$EndMODULE R2

$MODULE R3
reference R3
value 0R
footprint Resistor_SMD:R_0805_2012Metric
attribut smd
position 126.688375 115.171625  orientation 90.00
layer front
$PAD "1"
Shape Roundrect Layer front
position -0.912500  0.000000 size  1.025000  1.400000 orientation 90.00
drill  0.000000
shape_offset  0.000000  0.000000
$EndPAD
$PAD "2"
Shape Roundrect Layer front
position  0.912500  0.000000 size  1.025000  1.400000 orientation 90.00
drill  0.000000
shape_offset  0.000000  0.000000
$EndPAD
$EndMODULE R3

$MODULE R4
reference R4
value TDR
footprint Resistor_SMD:R_0201_0603Metric
attribut smd
position 136.350000 92.691000  orientation -90.00
layer back
$PAD ""
Shape Roundrect Layer nocopper
position -0.345000  0.000000 size  0.318000  0.360000 orientation 270.00
drill  0.000000
shape_offset  0.000000  0.000000
$EndPAD
$PAD ""
Shape Roundrect Layer nocopper
position  0.345000  0.000000 size  0.318000  0.360000 orientation 270.00
drill  0.000000
shape_offset  0.000000  0.000000
$EndPAD
$PAD "1"
Shape Roundrect Layer back
position -0.320000  0.000000 size  0.460000  0.400000 orientation 270.00
drill  0.000000
shape_offset  0.000000  0.000000
$EndPAD
$PAD "2"
Shape Roundrect Layer back
position  0.320000  0.000000 size  0.460000  0.400000 orientation 270.00
drill  0.000000
shape_offset  0.000000  0.000000
$EndPAD
$EndMODULE R4

$MODULE R5
reference R5
value 10K
footprint Resistor_SMD:R_0402_1005Metric
attribut smd
position 113.300000 122.780000  orientation 180.00
layer front
$PAD "1"
Shape Roundrect Layer front
position -0.510000  0.000000 size  0.540000  0.640000 orientation 180.00
drill  0.000000
shape_offset  0.000000  0.000000
$EndPAD
$PAD "2"
Shape Roundrect Layer front
position  0.510000  0.000000 size  0.540000  0.640000 orientation 180.00
drill  0.000000
shape_offset  0.000000  0.000000
$EndPAD
$EndMODULE R5

$MODULE R6
reference R6
value 100R
footprint Resistor_SMD:R_0402_1005Metric
attribut smd
position 115.800000 122.780000  orientation 180.00
layer front
$PAD "1"
Shape Roundrect Layer front
position -0.510000  0.000000 size  0.540000  0.640000 orientation 180.00
drill  0.000000
shape_offset  0.000000  0.000000
$EndPAD
$PAD "2"
Shape Roundrect Layer front
position  0.510000  0.000000 size  0.540000  0.640000 orientation 180.00
drill  0.000000
shape_offset  0.000000  0.000000
$EndPAD
$EndMODULE R6

$MODULE R7
reference R7
value 10K
footprint Resistor_SMD:R_0402_1005Metric
attribut smd
position 137.120000 122.700000  orientation 0.00
layer front
$PAD "1"
Shape Roundrect Layer front
position -0.510000  0.000000 size  0.540000  0.640000 orientation 0.00
drill  0.000000
shape_offset  0.000000  0.000000
$EndPAD
$PAD "2"
Shape Roundrect Layer front
position  0.510000  0.000000 size  0.540000  0.640000 orientation 0.00
drill  0.000000
shape_offset  0.000000  0.000000
$EndPAD
$EndMODULE R7

$MODULE R8
reference R8
value 10K
footprint Resistor_SMD:R_0402_1005Metric
attribut smd
position 125.600000 107.400000  orientation 90.00
layer front
$PAD "1"
Shape Roundrect Layer front
position -0.510000  0.000000 size  0.540000  0.640000 orientation 90.00
drill  0.000000
shape_offset  0.000000  0.000000
$EndPAD
$PAD "2"
Shape Roundrect Layer front
position  0.510000  0.000000 size  0.540000  0.640000 orientation 90.00
drill  0.000000
shape_offset  0.000000  0.000000
$EndPAD
$EndMODULE R8

$MODULE R9
reference R9
value 10K
footprint Resistor_SMD:R_0402_1005Metric
attribut smd
position 127.150000 107.390000  orientation 90.00
layer front
$PAD "1"
Shape Roundrect Layer front
position -0.510000  0.000000 size  0.540000  0.640000 orientation 90.00
drill  0.000000
shape_offset  0.000000  0.000000
$EndPAD
$PAD "2"
Shape Roundrect Layer front
position  0.510000  0.000000 size  0.540000  0.640000 orientation 90.00
drill  0.000000
shape_offset  0.000000  0.000000
$EndPAD
$EndMODULE R9

$MODULE SW1
reference SW1
value SW_Push
footprint Button_Switch_SMD:SW_SPST_B3U-1000P
attribut smd
position 114.700000 125.200000  orientation 0.00
layer front
$PAD "1"
Shape Rect Layer front
position -1.700000  0.000000 size  0.900000  1.700000 orientation 0.00
drill  0.000000
shape_offset  0.000000  0.000000
$EndPAD
$PAD "2"
Shape Rect Layer front
position  1.700000  0.000000 size  0.900000  1.700000 orientation 0.00
drill  0.000000
shape_offset  0.000000  0.000000
$EndPAD
$EndMODULE SW1

$MODULE SW2
reference SW2
value SW_Push
footprint Button_Switch_SMD:SW_SPST_B3U-1000P
attribut smd
position 136.900000 125.300000  orientation 0.00
layer front
$PAD "1"
Shape Rect Layer front
position -1.700000  0.000000 size  0.900000  1.700000 orientation 0.00
drill  0.000000
shape_offset  0.000000  0.000000
$EndPAD
$PAD "2"
Shape Rect Layer front
position  1.700000  0.000000 size  0.900000  1.700000 orientation 0.00
drill  0.000000
shape_offset  0.000000  0.000000
$EndPAD
$EndMODULE SW2

$MODULE U1
reference U1
value USBLC6-2SC6
footprint Package_TO_SOT_SMD:SOT-23-6
attribut smd
position 129.938375 114.934125  orientation 90.00
layer front
$PAD "1"
Shape Roundrect Layer front
position -1.137500 -0.950000 size  1.325000  0.600000 orientation 90.00
drill  0.000000
shape_offset  0.000000  0.000000
$EndPAD
$PAD "2"
Shape Roundrect Layer front
position -1.137500  0.000000 size  1.325000  0.600000 orientation 90.00
drill  0.000000
shape_offset  0.000000  0.000000
$EndPAD
$PAD "3"
Shape Roundrect Layer front
position -1.137500  0.950000 size  1.325000  0.600000 orientation 90.00
drill  0.000000
shape_offset  0.000000  0.000000
$EndPAD
$PAD "4"
Shape Roundrect Layer front
position  1.137500  0.950000 size  1.325000  0.600000 orientation 90.00
drill  0.000000
shape_offset  0.000000  0.000000
$EndPAD
$PAD "5"
Shape Roundrect Layer front
position  1.137500  0.000000 size  1.325000  0.600000 orientation 90.00
drill  0.000000
shape_offset  0.000000  0.000000
$EndPAD
$PAD "6"
Shape Roundrect Layer front
position  1.137500 -0.950000 size  1.325000  0.600000 orientation 90.00
drill  0.000000
shape_offset  0.000000  0.000000
$EndPAD
$EndMODULE U1

$MODULE U2
reference U2
value AP2112K-3.3
footprint Package_TO_SOT_SMD:SOT-23-5
attribut smd
position 118.000000 111.300000  orientation 180.00
layer front
$PAD "1"
Shape Roundrect Layer front
position -1.137500 -0.950000 size  1.325000  0.600000 orientation 180.00
drill  0.000000
shape_offset  0.000000  0.000000
$EndPAD
$PAD "2"
Shape Roundrect Layer front
position -1.137500  0.000000 size  1.325000  0.600000 orientation 180.00
drill  0.000000
shape_offset  0.000000  0.000000
$EndPAD
$PAD "3"
Shape Roundrect Layer front
position -1.137500  0.950000 size  1.325000  0.600000 orientation 180.00
drill  0.000000
shape_offset  0.000000  0.000000
$EndPAD
$PAD "4"
Shape Roundrect Layer front
position  1.137500  0.950000 size  1.325000  0.600000 orientation 180.00
drill  0.000000
shape_offset  0.000000  0.000000
$EndPAD
$PAD "5"
Shape Roundrect Layer front
position  1.137500 -0.950000 size  1.325000  0.600000 orientation 180.00
drill  0.000000
shape_offset  0.000000  0.000000
$EndPAD
$EndMODULE U2

$MODULE U3
reference U3
value ESP32-C3-WROOM-02
footprint RF_Module:ESP32-C3-WROOM-02
attribut smd
position 125.250000 96.050000  orientation 0.00
layer front
$PAD ""
Shape Rect Layer nocopper
position -0.140000 -0.900000 size  0.700000  0.700000 orientation 0.00
drill  0.000000
shape_offset  0.000000  0.000000
$EndPAD
$PAD ""
Shape Rect Layer nocopper
position -0.140000  0.200000 size  0.700000  0.700000 orientation 0.00
drill  0.000000
shape_offset  0.000000  0.000000
$EndPAD
$PAD ""
Shape Rect Layer nocopper
position -0.140000  1.300000 size  0.700000  0.700000 orientation 0.00
drill  0.000000
shape_offset  0.000000  0.000000
$EndPAD
$PAD ""
Shape Rect Layer nocopper
position  0.960000 -0.900000 size  0.700000  0.700000 orientation 0.00
drill  0.000000
shape_offset  0.000000  0.000000
$EndPAD
$PAD ""
Shape Rect Layer nocopper
position  0.960000  0.200000 size  0.700000  0.700000 orientation 0.00
drill  0.000000
shape_offset  0.000000  0.000000
$EndPAD
$PAD ""
Shape Rect Layer nocopper
position  0.960000  1.300000 size  0.700000  0.700000 orientation 0.00
drill  0.000000
shape_offset  0.000000  0.000000
$EndPAD
$PAD ""
Shape Rect Layer nocopper
position  2.060000 -0.900000 size  0.700000  0.700000 orientation 0.00
drill  0.000000
shape_offset  0.000000  0.000000
$EndPAD
$PAD ""
Shape Rect Layer nocopper
position  2.060000  0.200000 size  0.700000  0.700000 orientation 0.00
drill  0.000000
shape_offset  0.000000  0.000000
$EndPAD
$PAD ""
Shape Rect Layer nocopper
position  2.060000  1.300000 size  0.700000  0.700000 orientation 0.00
drill  0.000000
shape_offset  0.000000  0.000000
$EndPAD
$PAD "1"
Shape Rect Layer front
position -8.750000 -6.000000 size  1.500000  0.900000 orientation 0.00
drill  0.000000
shape_offset  0.000000  0.000000
$EndPAD
$PAD "2"
Shape Rect Layer front
position -8.750000 -4.500000 size  1.500000  0.900000 orientation 0.00
drill  0.000000
shape_offset  0.000000  0.000000
$EndPAD
$PAD "3"
Shape Rect Layer front
position -8.750000 -3.000000 size  1.500000  0.900000 orientation 0.00
drill  0.000000
shape_offset  0.000000  0.000000
$EndPAD
$PAD "4"
Shape Rect Layer front
position -8.750000 -1.500000 size  1.500000  0.900000 orientation 0.00
drill  0.000000
shape_offset  0.000000  0.000000
$EndPAD
$PAD "5"
Shape Rect Layer front
position -8.750000  0.000000 size  1.500000  0.900000 orientation 0.00
drill  0.000000
shape_offset  0.000000  0.000000
$EndPAD
$PAD "6"
Shape Rect Layer front
position -8.750000  1.500000 size  1.500000  0.900000 orientation 0.00
drill  0.000000
shape_offset  0.000000  0.000000
$EndPAD
$PAD "7"
Shape Rect Layer front
position -8.750000  3.000000 size  1.500000  0.900000 orientation 0.00
drill  0.000000
shape_offset  0.000000  0.000000
$EndPAD
$PAD "8"
Shape Rect Layer front
position -8.750000  4.500000 size  1.500000  0.900000 orientation 0.00
drill  0.000000
shape_offset  0.000000  0.000000
$EndPAD
$PAD "9"
Shape Rect Layer front
position -8.750000  6.000000 size  1.500000  0.900000 orientation 0.00
drill  0.000000
shape_offset  0.000000  0.000000
$EndPAD
$PAD "10"
Shape Rect Layer front
position  8.750000  6.000000 size  1.500000  0.900000 orientation 0.00
drill  0.000000
shape_offset  0.000000  0.000000
$EndPAD
$PAD "11"
Shape Rect Layer front
position  8.750000  4.500000 size  1.500000  0.900000 orientation 0.00
drill  0.000000
shape_offset  0.000000  0.000000
$EndPAD
$PAD "12"
Shape Rect Layer front
position  8.750000  3.000000 size  1.500000  0.900000 orientation 0.00
drill  0.000000
shape_offset  0.000000  0.000000
$EndPAD
$PAD "13"
Shape Rect Layer front
position  8.750000  1.500000 size  1.500000  0.900000 orientation 0.00
drill  0.000000
shape_offset  0.000000  0.000000
$EndPAD
$PAD "14"
Shape Rect Layer front
position  8.750000  0.000000 size  1.500000  0.900000 orientation 0.00
drill  0.000000
shape_offset  0.000000  0.000000
$EndPAD
$PAD "15"
Shape Rect Layer front
position  8.750000 -1.500000 size  1.500000  0.900000 orientation 0.00
drill  0.000000
shape_offset  0.000000  0.000000
$EndPAD
$PAD "16"
Shape Rect Layer front
position  8.750000 -3.000000 size  1.500000  0.900000 orientation 0.00
drill  0.000000
shape_offset  0.000000  0.000000
$EndPAD
$PAD "17"
Shape Rect Layer front
position  8.750000 -4.500000 size  1.500000  0.900000 orientation 0.00
drill  0.000000
shape_offset  0.000000  0.000000
$EndPAD
$PAD "18"
Shape Rect Layer front
position  8.750000 -6.000000 size  1.500000  0.900000 orientation 0.00
drill  0.000000
shape_offset  0.000000  0.000000
$EndPAD
$PAD "19"
Shape Circle Layer both
position -0.140000 -0.350000 size  0.600000  0.600000 orientation 0.00
drill  0.200000
shape_offset  0.000000  0.000000
$EndPAD
$PAD "19"
Shape Circle Layer both
position -0.140000  0.750000 size  0.600000  0.600000 orientation 0.00
drill  0.200000
shape_offset  0.000000  0.000000
$EndPAD
$PAD "19"
Shape Circle Layer both
position  0.410000 -0.900000 size  0.600000  0.600000 orientation 0.00
drill  0.200000
shape_offset  0.000000  0.000000
$EndPAD
$PAD "19"
Shape Circle Layer both
position  0.410000  0.200000 size  0.600000  0.600000 orientation 0.00
drill  0.200000
shape_offset  0.000000  0.000000
$EndPAD
$PAD "19"
Shape Circle Layer both
position  0.410000  1.300000 size  0.600000  0.600000 orientation 0.00
drill  0.200000
shape_offset  0.000000  0.000000
$EndPAD
$PAD "19"
Shape Circle Layer both
position  0.960000 -0.350000 size  0.600000  0.600000 orientation 0.00
drill  0.200000
shape_offset  0.000000  0.000000
$EndPAD
$PAD "19"
Shape Rect Layer front
position  0.960000  0.200000 size  2.900000  2.900000 orientation 0.00
drill  0.000000
shape_offset  0.000000  0.000000
$EndPAD
$PAD "19"
Shape Circle Layer both
position  0.960000  0.750000 size  0.600000  0.600000 orientation 0.00
drill  0.200000
shape_offset  0.000000  0.000000
$EndPAD
$PAD "19"
Shape Circle Layer both
position  1.510000 -0.900000 size  0.600000  0.600000 orientation 0.00
drill  0.200000
shape_offset  0.000000  0.000000
$EndPAD
$PAD "19"
Shape Circle Layer both
position  1.510000  0.200000 size  0.600000  0.600000 orientation 0.00
drill  0.200000
shape_offset  0.000000  0.000000
$EndPAD
$PAD "19"
Shape Circle Layer both
position  1.510000  1.300000 size  0.600000  0.600000 orientation 0.00
drill  0.200000
shape_offset  0.000000  0.000000
$EndPAD
$PAD "19"
Shape Circle Layer both
position  2.060000 -0.350000 size  0.600000  0.600000 orientation 0.00
drill  0.200000
shape_offset  0.000000  0.000000
$EndPAD
$PAD "19"
Shape Circle Layer both
position  2.060000  0.750000 size  0.600000  0.600000 orientation 0.00
drill  0.200000
shape_offset  0.000000  0.000000
$EndPAD
$EndMODULE U3

$MODULE Y1
reference Y1
value Crystal
footprint Crystal:Crystal_SMD_3215-2Pin_3.2x1.5mm
attribut smd
position 138.850000 92.691000  orientation 90.00
layer back
$PAD "1"
Shape Rect Layer back
position  1.250000  0.000000 size  1.000000  1.800000 orientation 90.00
drill  0.000000
shape_offset  0.000000  0.000000
$EndPAD
$PAD "2"
Shape Rect Layer back
position -1.250000  0.000000 size  1.000000  1.800000 orientation 90.00
drill  0.000000
shape_offset  0.000000  0.000000
$EndPAD
$EndMODULE Y1

$EndDESCRIPTION
