Drill report for power supply.kicad_pcb
Created on 2026-02-04T08:37:50+0530

Copper Layer Stackup:
    =============================================================
    L1 :  F.Cu                      front
    L2 :  B.Cu                      back


Drill file 'power supply-PTH-drl.gbr' contains
    plated through holes:
    =============================================================
    T1  0.800mm  0.0315"  (14 holes)
    T2  0.900mm  0.0354"  (2 holes)
    T3  1.100mm  0.0433"  (11 holes)
    T4  1.200mm  0.0472"  (2 holes)
    T5  1.300mm  0.0512"  (4 holes)
    T6  1.400mm  0.0551"  (4 holes)

    Total plated holes count 37


Drill file 'power supply-NPTH-drl.gbr' contains
    unplated through holes:
    =============================================================

    Total unplated holes count 0
